<?xml version="1.0" encoding="UTF-8"?>
<!-- Generated by org.testng.reporters.JUnitReportReporter -->
<testsuite hostname="LAPTOP-C05DUO7H" failures="0" tests="1" name="com.bravenet.testscripts.VerifyErrMsgTest" time="4.104" errors="0" timestamp="2023-03-08T22:18:20 EST" skipped="0">
  <testcase classname="com.bravenet.testscripts.VerifyErrMsgTest" name="verifyErrMsg" time="4.104"/>
  <system-out/>
</testsuite> <!-- com.bravenet.testscripts.VerifyErrMsgTest -->
