<?xml version="1.0" encoding="UTF-8"?>
<!-- Generated by org.testng.reporters.JUnitReportReporter -->
<testsuite hostname="DESKTOP-KT8PE57" failures="0" tests="1" name="keywordDriven.Application" time="23.516" errors="0" timestamp="2023-03-13T22:02:11 EDT" skipped="0">
  <testcase classname="keywordDriven.Application" name="verifyErrMsgsOnDifferentApplications" time="23.516"/>
  <system-out/>
</testsuite> <!-- keywordDriven.Application -->
