<?xml version="1.0" encoding="UTF-8"?>
<!-- Generated by org.testng.reporters.JUnitReportReporter -->
<testsuite hostname="DESKTOP-KT8PE57" failures="0" tests="1" name="hybridFramework.Application" time="100.781" errors="0" timestamp="2023-03-13T22:38:25 EDT" skipped="0">
  <testcase classname="hybridFramework.Application" name="verifyErrMsgsOnDifferentApplications" time="100.781"/>
  <system-out/>
</testsuite> <!-- hybridFramework.Application -->
